<?xml version="1.0" encoding="UTF-8"?>
<!-- Generated by org.testng.reporters.JUnitXMLReporter -->
<testsuite hostname="KOWSALYA" ignored="0" name="Test" tests="6" failures="1" timestamp="2022-02-19T21:06:55 IST" time="0.089" errors="0">
  <testcase name="Demo" time="0.013" classname="com.testNG.Assert_Test">
    <skipped/>
  </testcase> <!-- Demo -->
  <testcase name="Demo" time="0.001" classname="com.testNG.Assert_Test">
    <skipped/>
  </testcase> <!-- Demo -->
  <testcase name="Demo" time="0.001" classname="com.testNG.Assert_Test">
    <skipped/>
  </testcase> <!-- Demo -->
  <testcase name="Demo" time="0.001" classname="com.testNG.Assert_Test">
    <skipped/>
  </testcase> <!-- Demo -->
  <testcase name="Demo" time="0.001" classname="com.testNG.Assert_Test">
    <skipped/>
  </testcase> <!-- Demo -->
  <testcase name="Demo" time="0.001" classname="com.testNG.Assert_Test">
    <failure type="java.lang.AssertionError" message="expected [John] but found [Johnson]">
      <![CDATA[java.lang.AssertionError: expected [John] but found [Johnson]
at com.testNG.Assert_Test.Demo(Assert_Test.java:18)
at java.util.ArrayList.forEach(Unknown Source)
... Removed 33 stack frames]]>
    </failure>
  </testcase> <!-- Demo -->
</testsuite> <!-- Test -->
